<?xml version="1.0" encoding="UTF-8"?>
<testng-results skipped="0" failed="0" ignored="0" total="2" passed="2">
  <reporter-output>
    <line>
      <![CDATA[Extent Report DirectoryD:\IdeaProjects\IzaanTestFramework\WebTesting\target\surefire-reports\html]]>
    </line>
    <line>
      <![CDATA[Getting Text from Body Text]]>
    </line>
    <line>
      <![CDATA[Actual text: Izaan School of Engineering]]>
    </line>
    <line>
      <![CDATA[Getting Text from Page Header]]>
    </line>
    <line>
      <![CDATA[Actual text: Izaan School]]>
    </line>
  </reporter-output>
  <suite name="Surefire suite" duration-ms="19678" started-at="2022-07-29T02:19:34Z" finished-at="2022-07-29T02:19:54Z">
    <groups>
    </groups>
    <test name="Surefire test" duration-ms="19678" started-at="2022-07-29T02:19:34Z" finished-at="2022-07-29T02:19:54Z">
      <class name="pageobjectstests.IzaanHomePageTests">
        <test-method status="PASS" signature="extentSetup(org.testng.ITestContext)[pri:0, instance:pageobjectstests.IzaanHomePageTests@548b7f67]" name="extentSetup" is-config="true" duration-ms="670" started-at="2022-07-29T02:19:33Z" finished-at="2022-07-29T02:19:34Z">
          <params>
            <param index="0">
              <value>
                <![CDATA[org.testng.TestRunner@192d74fb]]>
              </value>
            </param>
          </params>
          <reporter-output>
            <line>
              <![CDATA[Extent Report DirectoryD:\IdeaProjects\IzaanTestFramework\WebTesting\target\surefire-reports\html]]>
            </line>
          </reporter-output>
        </test-method> <!-- extentSetup -->
        <test-method status="PASS" signature="setUp()[pri:0, instance:pageobjectstests.IzaanHomePageTests@548b7f67]" name="setUp" is-config="true" duration-ms="8370" started-at="2022-07-29T02:19:34Z" finished-at="2022-07-29T02:19:42Z">
          <reporter-output>
          </reporter-output>
        </test-method> <!-- setUp -->
        <test-method status="PASS" signature="startExtent(java.lang.reflect.Method)[pri:0, instance:pageobjectstests.IzaanHomePageTests@548b7f67]" name="startExtent" is-config="true" duration-ms="17" started-at="2022-07-29T02:19:42Z" finished-at="2022-07-29T02:19:42Z">
          <params>
            <param index="0">
              <value>
                <![CDATA[public void pageobjectstests.IzaanHomePageTests.assertionBodyText()]]>
              </value>
            </param>
          </params>
          <reporter-output>
          </reporter-output>
        </test-method> <!-- startExtent -->
        <test-method status="PASS" signature="assertionBodyText()[pri:0, instance:pageobjectstests.IzaanHomePageTests@548b7f67]" name="assertionBodyText" duration-ms="290" started-at="2022-07-29T02:19:42Z" finished-at="2022-07-29T02:19:43Z">
          <reporter-output>
            <line>
              <![CDATA[Getting Text from Body Text]]>
            </line>
            <line>
              <![CDATA[Actual text: Izaan School of Engineering]]>
            </line>
          </reporter-output>
        </test-method> <!-- assertionBodyText -->
        <test-method status="PASS" signature="afterEachTestMethod(org.testng.ITestResult)[pri:0, instance:pageobjectstests.IzaanHomePageTests@548b7f67]" name="afterEachTestMethod" is-config="true" duration-ms="2639" started-at="2022-07-29T02:19:43Z" finished-at="2022-07-29T02:19:45Z">
          <params>
            <param index="0">
              <value>
                <![CDATA[[TestResult name=assertionBodyText status=SUCCESS method=IzaanHomePageTests.assertionBodyText()[pri:0, instance:pageobjectstests.IzaanHomePageTests@548b7f67] output=Getting Text from Body Text]]]>
              </value>
            </param>
          </params>
          <reporter-output>
          </reporter-output>
        </test-method> <!-- afterEachTestMethod -->
        <test-method status="PASS" signature="cleanUP()[pri:0, instance:pageobjectstests.IzaanHomePageTests@548b7f67]" name="cleanUP" is-config="true" duration-ms="1" started-at="2022-07-29T02:19:45Z" finished-at="2022-07-29T02:19:45Z">
          <reporter-output>
          </reporter-output>
        </test-method> <!-- cleanUP -->
        <test-method status="PASS" signature="setUp()[pri:0, instance:pageobjectstests.IzaanHomePageTests@548b7f67]" name="setUp" is-config="true" duration-ms="6153" started-at="2022-07-29T02:19:45Z" finished-at="2022-07-29T02:19:51Z">
          <reporter-output>
          </reporter-output>
        </test-method> <!-- setUp -->
        <test-method status="PASS" signature="startExtent(java.lang.reflect.Method)[pri:0, instance:pageobjectstests.IzaanHomePageTests@548b7f67]" name="startExtent" is-config="true" duration-ms="3" started-at="2022-07-29T02:19:51Z" finished-at="2022-07-29T02:19:51Z">
          <params>
            <param index="0">
              <value>
                <![CDATA[public void pageobjectstests.IzaanHomePageTests.headerAssertion()]]>
              </value>
            </param>
          </params>
          <reporter-output>
          </reporter-output>
        </test-method> <!-- startExtent -->
        <test-method status="PASS" signature="headerAssertion()[pri:0, instance:pageobjectstests.IzaanHomePageTests@548b7f67]" name="headerAssertion" duration-ms="154" started-at="2022-07-29T02:19:51Z" finished-at="2022-07-29T02:19:52Z">
          <reporter-output>
            <line>
              <![CDATA[Getting Text from Page Header]]>
            </line>
            <line>
              <![CDATA[Actual text: Izaan School]]>
            </line>
          </reporter-output>
        </test-method> <!-- headerAssertion -->
        <test-method status="PASS" signature="afterEachTestMethod(org.testng.ITestResult)[pri:0, instance:pageobjectstests.IzaanHomePageTests@548b7f67]" name="afterEachTestMethod" is-config="true" duration-ms="1992" started-at="2022-07-29T02:19:52Z" finished-at="2022-07-29T02:19:54Z">
          <params>
            <param index="0">
              <value>
                <![CDATA[[TestResult name=headerAssertion status=SUCCESS method=IzaanHomePageTests.headerAssertion()[pri:0, instance:pageobjectstests.IzaanHomePageTests@548b7f67] output=Getting Text from Page Header]]]>
              </value>
            </param>
          </params>
          <reporter-output>
          </reporter-output>
        </test-method> <!-- afterEachTestMethod -->
        <test-method status="PASS" signature="cleanUP()[pri:0, instance:pageobjectstests.IzaanHomePageTests@548b7f67]" name="cleanUP" is-config="true" duration-ms="3" started-at="2022-07-29T02:19:54Z" finished-at="2022-07-29T02:19:54Z">
          <reporter-output>
          </reporter-output>
        </test-method> <!-- cleanUP -->
        <test-method status="PASS" signature="generateReport()[pri:0, instance:pageobjectstests.IzaanHomePageTests@548b7f67]" name="generateReport" is-config="true" duration-ms="59" started-at="2022-07-29T02:19:54Z" finished-at="2022-07-29T02:19:54Z">
          <reporter-output>
          </reporter-output>
        </test-method> <!-- generateReport -->
      </class> <!-- pageobjectstests.IzaanHomePageTests -->
    </test> <!-- Surefire test -->
  </suite> <!-- Surefire suite -->
</testng-results>
